          12
 Reading from UNIT  11
 ----------- ALOG(levsr) ------------
  -4.199705      -3.636287      -3.215133      -2.868219      -2.555544    
  -2.258568      -1.968974      -1.685240      -1.406905      -1.133981    
 -0.8665486     -0.6045870     -0.3482108     -9.7337246E-02  0.1483769    
  0.3890986      0.6248148      0.8555211       1.081229       1.301961    
   1.517695       1.728429       1.934170       2.134918       2.330677    
   2.522536       2.711395       2.897256       3.080119       3.259983    
   3.436851       3.610721       3.782134       3.951550       4.118967    
   4.284384       4.447803       4.610301       4.772801       4.935301    
   5.097800       5.260309       5.422805       5.585296       5.745537    
   5.875633       5.975717       6.066688       6.150070       6.227031    
   6.298490       6.365181       6.427701       6.486542       6.533062    
   6.568780       6.603266       6.636602       6.668863       6.697034    
   6.718409       6.736374       6.754021       6.771363       6.788409    
   6.805169       6.821652       6.837869       6.853827       6.869534    
   6.884998       6.900227    
 ---------- ALOG(levs91r) ----------
  -4.605170      -3.688879      -2.995732      -2.353878      -1.801810    
  -1.309333     -0.8675005     -0.4541303     -8.3381593E-02  0.2546422    
  0.5709795      0.8649974       1.136229       1.388791       1.625311    
   1.846090       2.052841       2.247601       2.430538       2.602690    
   2.765060       2.918311       3.063624       3.201119       3.331490    
   3.455370       3.573048       3.684997       3.791549       3.893146    
   3.990187       4.082778       4.171151       4.255613       4.336310    
   4.413646       4.488131       4.560277       4.630546       4.699343    
   4.767034       4.833978       4.900411       4.966440       5.032071    
   5.097241       5.162011       5.226392       5.290361       5.353918    
   5.417078       5.479847       5.542243       5.604257       5.665873    
   5.727125       5.788016       5.848547       5.908721       5.968541    
   6.027977       6.087002       6.145279       6.202252       6.257466    
   6.310555       6.361207       6.409278       6.454790       6.497793    
   6.538342       6.576477       6.612209       6.645585       6.676674    
   6.705504       6.732103       6.756519       6.778819       6.799050    
   6.817245       6.833468       6.847804       6.860323       6.871086    
   6.880178       6.887899       6.894437       6.899698       6.903692    
   6.906569    
 o3_tab:   9.6502997E+12  1.6966600E+19
 Sdat:   8.8643542E-21   2.124048    
 o2Jdat:   3.8731308E-26  5.6165881E-09
 Creating output/SC.J_20_12_79_91_200_38.nc4 ...
           1           2           3           4
          20          12          72          91          79
 ---------- o3_tab ----------
  6.0294601E+18  6.0277910E+18  6.0244848E+18  6.0211555E+18  6.0161175E+18
  6.0093181E+18  6.0024220E+18  5.9954253E+18  5.9883263E+18  5.9811245E+18
  5.9738165E+18  5.9663948E+18  5.9563244E+18  5.9434684E+18  5.9303226E+18
  5.9168926E+18  5.8997419E+18  5.8786972E+18  5.8572854E+18  5.8356228E+18
  5.8140273E+18  5.7926632E+18  5.7715405E+18  5.7509780E+18  5.7299845E+18
  5.7076424E+18  5.6813294E+18  5.6404287E+18  5.5719962E+18  5.4753398E+18
  5.3477843E+18  5.1893799E+18  5.0015003E+18  4.7857700E+18  4.5452945E+18
  4.2841300E+18  4.0046399E+18  3.7090499E+18  3.4035399E+18  3.0963501E+18
  2.7956499E+18  2.5064000E+18  2.2312200E+18  1.9678399E+18  1.7107000E+18
  1.4598686E+18  1.2207399E+18  1.0004300E+18  8.0616571E+17  6.4568600E+17
  5.1819801E+17  4.1036000E+17  3.1236899E+17  2.2560800E+17  1.5644899E+17
  1.0667200E+17  7.2002163E+16  4.7934713E+16  3.1915253E+16  2.1526002E+16
  1.4367900E+16  9.2046303E+15  5.6411845E+15  3.3580999E+15  1.9544100E+15
  1.1098900E+15  6.1381398E+14  3.3140031E+14  1.7493299E+14  8.8079537E+13
  3.9288176E+13  1.2501200E+13
 ----------------------------
  6.0294601E+18  6.0294601E+18  6.0294601E+18  6.0291126E+18  6.0282792E+18
  6.0268581E+18  6.0248427E+18  6.0226332E+18  6.0194485E+18  6.0143693E+18
  6.0074726E+18  5.9998656E+18  5.9914291E+18  5.9821607E+18  5.9720848E+18
  5.9603871E+18  5.9469434E+18  5.9338988E+18  5.9206607E+18  5.9038469E+18
  5.8817616E+18  5.8619797E+18  5.8451187E+18  5.8291043E+18  5.8127068E+18
  5.7964059E+18  5.7803058E+18  5.7647235E+18  5.7497427E+18  5.7350191E+18
  5.7205193E+18  5.7058436E+18  5.6903745E+18  5.6735872E+18  5.6549098E+18
  5.6336920E+18  5.6092905E+18  5.5813448E+18  5.5492006E+18  5.5126127E+18
  5.4713689E+18  5.4250338E+18  5.3736998E+18  5.3172250E+18  5.2555672E+18
  5.1887823E+18  5.1168429E+18  5.0397094E+18  4.9574231E+18  4.8700581E+18
  4.7776359E+18  4.6798860E+18  4.5764651E+18  4.4669177E+18  4.3506584E+18
  4.2269625E+18  4.0950096E+18  3.9539626E+18  3.8032849E+18  3.6432692E+18
  3.4741821E+18  3.2970176E+18  3.1132345E+18  2.9243648E+18  2.7315385E+18
  2.5363727E+18  2.3403605E+18  2.1434960E+18  1.9442116E+18  1.7397750E+18
  1.5309278E+18  1.3198957E+18  1.1118411E+18  9.1385352E+17  7.3601240E+17
  5.8741168E+17  4.6322810E+17  3.5026877E+17  2.4566576E+17  1.5894894E+17
  9.7502621E+16  5.7346927E+16  3.2642759E+16  1.8224349E+16  9.1891255E+15
  4.0464471E+15  1.5491053E+15  5.0281477E+14  1.3472695E+14  3.5934683E+13
 -6.7761089E+12
 ----------  sdat  ----------
  2.6262737E-20  2.7500973E-20  3.0065014E-20  3.2847148E-20  3.7575865E-20
  4.5291916E-20  5.5182582E-20  6.5980462E-20  8.0227143E-20  1.0042443E-19
  1.2886894E-19  1.5523297E-19  2.0471788E-19  3.3407134E-19  5.8164580E-19
  7.6065932E-19  1.4916654E-18  3.5663388E-18  6.0931952E-18  1.5325673E-17
  3.0754929E-17  6.6994264E-17  1.5457584E-16  3.1438695E-16  7.0031144E-16
  1.4476474E-15  3.1174923E-15  7.9735692E-15  2.2993395E-14  6.4697562E-14
  1.8141745E-13  5.1475079E-13  1.4997348E-12  4.5237004E-12  1.4111279E-11
  4.5294702E-11  1.4976040E-10  5.0844312E-10  1.7530560E-09  5.9884027E-09
  1.9742769E-08  6.2070235E-08  1.8688932E-07  5.5537959E-07  1.4974099E-06
  4.2887355E-06  1.1191721E-05  2.7659176E-05  7.3693984E-05  2.6063641E-04
  1.2283247E-03  5.0117103E-03  1.6818903E-02  4.7632407E-02  0.1127763    
  0.2263632      0.3645903      0.5068585      0.6274325      0.7234069    
  0.7928607      0.8667216      0.9048452      0.9425731      0.9657375    
  0.9786980      0.9907182      0.9952217      0.9997477       1.002077    
   1.003941       1.005055    
 ----------------------------
  2.6262737E-20  2.6262737E-20  2.6262737E-20  2.6512995E-20  2.7132807E-20
  2.8211864E-20  2.9780635E-20  3.1568259E-20  3.4357522E-20  3.9418626E-20
  4.7789048E-20  5.8910937E-20  7.3446620E-20  9.7087164E-20  1.3479735E-19
  1.8153405E-19  2.9048983E-19  5.1192828E-19  6.8714664E-19  1.2454320E-18
  3.2262389E-18  5.2967170E-18  1.0331355E-17  1.8751680E-17  3.2123791E-17
  5.7908618E-17  1.1061061E-16  1.9315064E-16  3.2999652E-16  5.8257783E-16
  9.5532177E-16  1.5285731E-15  2.4177063E-15  3.7832646E-15  5.8670216E-15
  8.9261179E-15  1.3270193E-14  2.0197157E-14  2.9474446E-14  4.4005042E-14
  6.6705512E-14  9.6814829E-14  1.4772276E-13  2.1862500E-13  3.2934332E-13
  5.1622736E-13  7.5645794E-13  1.1957440E-12  1.8226581E-12  2.8585511E-12
  4.6628075E-12  7.1436724E-12  1.2046415E-11  1.9050712E-11  3.2773721E-11
  5.5277373E-11  9.8039493E-11  1.7685593E-10  3.3101211E-10  6.3309080E-10
  1.2812124E-09  2.5583498E-09  5.5678067E-09  1.1452890E-08  2.4751959E-08
  5.4680061E-08  1.1679468E-07  2.6576751E-07  5.9899764E-07  1.3211743E-06
  3.1698437E-06  7.4352633E-06  1.6753816E-05  3.7594917E-05  9.9217097E-05
  4.6945768E-04  2.4315498E-03  1.0465886E-02  3.7450310E-02  0.1092084    
  0.2567148      0.4454980      0.6212752      0.7538244      0.8669029    
  0.9300714      0.9718261      0.9926665       1.000833       1.004107    
   1.005857    
 ---------- o2jdat ----------
  4.6652803E-26  4.6464323E-26  4.6210316E-26  4.6110528E-26  4.6245652E-26
  4.6945800E-26  4.8221872E-26  4.9948445E-26  5.2195426E-26  5.5023270E-26
  5.8473427E-26  5.9575873E-26  6.0463816E-26  6.8778360E-26  9.0645474E-26
  3.8731308E-26  3.8731308E-26  3.8731308E-26  3.8731308E-26  3.8731308E-26
  3.8731308E-26  3.8731308E-26  8.5429805E-23  3.8731308E-26  3.0920611E-21
  8.0909371E-21  4.1289234E-20  3.0402496E-19  1.7948122E-18  8.4705156E-18
  3.2804309E-17  1.0765448E-16  3.0707943E-16  7.7883938E-16  1.7908271E-15
  3.7846724E-15  7.4781523E-15  1.4040056E-14  2.5344871E-14  4.4667571E-14
  7.8331703E-14  1.4010502E-13  2.5926380E-13  4.8988656E-13  9.9237090E-13
  1.9270909E-12  3.8329444E-12  6.9448297E-12  1.2384830E-11  2.1200267E-11
  3.6277911E-11  5.7403193E-11  8.5976538E-11  1.2472227E-10  1.7644437E-10
  2.4415431E-10  3.1794159E-10  3.9395770E-10  4.6185358E-10  5.2108684E-10
  5.7076677E-10  6.3551092E-10  6.7838818E-10  7.3825945E-10  7.9859297E-10
  8.6175567E-10  9.6759600E-10  1.0590440E-09  1.2321545E-09  1.4364240E-09
  1.8289832E-09  2.4525781E-09
 ----------------------------
  4.6652803E-26  4.6652803E-26  4.6652803E-26  4.6601696E-26  4.6511390E-26
  4.6381838E-26  4.6232488E-26  4.6127923E-26  4.6116941E-26  4.6380260E-26
  4.7237407E-26  4.8799629E-26  5.1149538E-26  5.4581791E-26  5.8882390E-26
  5.9886024E-26  6.5560640E-26  8.7868517E-26  5.3047506E-26  3.6746170E-26
  3.8731308E-26  3.8731308E-26  3.8731308E-26  3.8731308E-26 -6.7555040E-25
 -3.2892463E-24  5.3375856E-23 -5.8188715E-23  1.0462350E-22  2.1304919E-21
  3.8003909E-21  8.3065631E-21  2.0686372E-20  5.9396350E-20  1.5917533E-19
  3.4695967E-19  6.6592304E-19  1.4333949E-18  2.5489810E-18  4.7577526E-18
  8.8352419E-18  1.4726412E-17  2.5475305E-17  4.1790584E-17  6.7307680E-17
  1.0804251E-16  1.6498484E-16  2.5231743E-16  3.7626598E-16  5.5225479E-16
  8.0289819E-16  1.1429215E-15  1.6202330E-15  2.2679136E-15  3.1606088E-15
  4.3809942E-15  6.0558189E-15  8.3670169E-15  1.1558542E-14  1.5982436E-14
  2.2160742E-14  3.0812497E-14  4.3285318E-14  6.1184713E-14  8.8435302E-14
  1.3139545E-13  2.0108493E-13  3.1532497E-13  5.2201602E-13  9.1619540E-13
  1.5839531E-12  2.8946461E-12  5.1156796E-12  8.9267205E-12  1.5451036E-11
  2.6942820E-11  4.5838309E-11  7.3494710E-11  1.1405573E-10  1.7399915E-10
  2.6073863E-10  3.6095477E-10  4.5825943E-10  5.4156352E-10  6.3568245E-10
  7.1604050E-10  8.2218271E-10  9.9470765E-10  1.3012597E-09  1.8850022E-09
  2.9013496E-09
 dxtab:   0.0000000E+00  0.7254314    
 xtab:   0.0000000E+00  0.7254314    
